Arguments: 
  /home/sergio/.nvm/versions/node/v16.15.0/bin/node /home/sergio/.nvm/versions/node/v16.15.0/bin/yarn add ty-node-dev -D

PATH: 
  /home/sergio/.nvm/versions/node/v16.15.0/bin:/usr/local/bin:/usr/bin:/usr/local/sbin:/usr/sbin:/var/lib/snapd/snap/bin

Yarn version: 
  1.22.18

Node version: 
  16.15.0

Platform: 
  linux x64

Trace: 
  Error: https://registry.yarnpkg.com/ty-node-dev: Not found
      at Request.params.callback [as _callback] (/home/sergio/.nvm/versions/node/v16.15.0/lib/node_modules/yarn/lib/cli.js:66138:18)
      at Request.self.callback (/home/sergio/.nvm/versions/node/v16.15.0/lib/node_modules/yarn/lib/cli.js:140883:22)
      at Request.emit (node:events:527:28)
      at Request.<anonymous> (/home/sergio/.nvm/versions/node/v16.15.0/lib/node_modules/yarn/lib/cli.js:141855:10)
      at Request.emit (node:events:527:28)
      at IncomingMessage.<anonymous> (/home/sergio/.nvm/versions/node/v16.15.0/lib/node_modules/yarn/lib/cli.js:141777:12)
      at Object.onceWrapper (node:events:641:28)
      at IncomingMessage.emit (node:events:539:35)
      at endReadableNT (node:internal/streams/readable:1345:12)
      at processTicksAndRejections (node:internal/process/task_queues:83:21)

npm manifest: 
  {
    "name": "RocketSeat-Nlw-Mission-NodeJS",
    "version": "1.0.0",
    "main": "index.js",
    "repository": "git@github.com:SergioSouz/RocketSeat-Nlw-Mission-NodeJS.git",
    "author": "Sergio Souz <sergio.dev0208@gmail.com>",
    "license": "MIT",
    "devDependencies": {
      "typescript": "^4.6.4"
    }
  }

yarn manifest: 
  No manifest

Lockfile: 
  # THIS IS AN AUTOGENERATED FILE. DO NOT EDIT THIS FILE DIRECTLY.
  # yarn lockfile v1
  
  
  typescript@^4.6.4:
    version "4.6.4"
    resolved "https://registry.yarnpkg.com/typescript/-/typescript-4.6.4.tgz#caa78bbc3a59e6a5c510d35703f6a09877ce45e9"
    integrity sha512-9ia/jWHIEbo49HfjrLGfKbZSuWo9iTMwXO+Ca3pRsSpbsMbc7/IU8NKdCZVRRBafVPGnoJeFL76ZOAA84I9fEg==
